{
  "0 debug pnpm:scope": {
    "selected": 1
  },
  "1 error pnpm": {
    "errno": 1,
    "code": "ELIFECYCLE",
    "pkgid": "@redchili/pubsub@0.0.1-alpha.0",
    "stage": "test",
    "script": "node --loader tsm ./__test__/example.ts",
    "pkgname": "@redchili/pubsub",
    "err": {
      "name": "pnpm",
      "message": "@redchili/pubsub@0.0.1-alpha.0 test: `node --loader tsm ./__test__/example.ts`\nExit status 1",
      "code": "ELIFECYCLE",
      "stack": "pnpm: @redchili/pubsub@0.0.1-alpha.0 test: `node --loader tsm ./__test__/example.ts`\nExit status 1\n    at EventEmitter.<anonymous> (/Users/ben/.volta/tools/image/node/14.19.0/pnpm-global/5/node_modules/.pnpm/registry.npmjs.org+pnpm@7.0.0/node_modules/pnpm/dist/pnpm.cjs:106732:20)\n    at EventEmitter.emit (events.js:400:28)\n    at ChildProcess.<anonymous> (/Users/ben/.volta/tools/image/node/14.19.0/pnpm-global/5/node_modules/.pnpm/registry.npmjs.org+pnpm@7.0.0/node_modules/pnpm/dist/pnpm.cjs:93301:18)\n    at ChildProcess.emit (events.js:400:28)\n    at maybeClose (internal/child_process.js:1058:16)\n    at Process.ChildProcess._handle.onexit (internal/child_process.js:293:5)"
    }
  },
  "2 warn pnpm:global": " Local package.json exists, but node_modules missing, did you mean to install?"
}